app/build/intermediates/manifest_merge_blame_file/release/manifest-merger-blame-release-report.txt
1<?xml version="1.0" encoding="utf-8"?>
2<manifest xmlns:android="http://schemas.android.com/apk/res/android"
3    package="com.alphacrud.phototranslator"
4    android:versionCode="16"
5    android:versionName="2.5" >
6
7    <uses-sdk
8        android:minSdkVersion="24"
8-->src\main\AndroidManifest.xml
9        android:targetSdkVersion="33" />
9-->src\main\AndroidManifest.xml
10
11    <uses-feature
11-->src\main\AndroidManifest.xml:6:5-8:36
12        android:name="android.hardware.telephony"
12-->src\main\AndroidManifest.xml:7:9-50
13        android:required="false" />
13-->src\main\AndroidManifest.xml:8:9-33
14    <uses-feature
14-->src\main\AndroidManifest.xml:9:5-11:36
15        android:name="android.hardware.camera"
15-->src\main\AndroidManifest.xml:10:9-47
16        android:required="false" />
16-->src\main\AndroidManifest.xml:11:9-33
17
18    <uses-permission android:name="android.permission.INTERNET" />
18-->src\main\AndroidManifest.xml:13:5-67
18-->src\main\AndroidManifest.xml:13:22-64
19    <uses-permission android:name="android.permission.RECORD_AUDIO" />
19-->src\main\AndroidManifest.xml:14:5-71
19-->src\main\AndroidManifest.xml:14:22-68
20    <uses-permission android:name="android.permission.ACCESS_COARSE_LOCATION" />
20-->src\main\AndroidManifest.xml:15:5-81
20-->src\main\AndroidManifest.xml:15:22-78
21    <uses-permission android:name="android.permission.ACCESS_COARSE_LOCATION" />
21-->src\main\AndroidManifest.xml:15:5-81
21-->src\main\AndroidManifest.xml:15:22-78
22    <uses-permission android:name="android.permission.ACCESS_FINE_LOCATION" />
22-->src\main\AndroidManifest.xml:17:5-79
22-->src\main\AndroidManifest.xml:17:22-76
23    <uses-permission android:name="android.permission.ACCESS_FINE_LOCATION" />
23-->src\main\AndroidManifest.xml:17:5-79
23-->src\main\AndroidManifest.xml:17:22-76
24    <uses-permission android:name="android.permission.READ_CONTACTS" />
24-->src\main\AndroidManifest.xml:19:5-72
24-->src\main\AndroidManifest.xml:19:22-69
25    <uses-permission android:name="android.permission.WAKE_LOCK" />
25-->src\main\AndroidManifest.xml:20:5-68
25-->src\main\AndroidManifest.xml:20:22-65
26    <uses-permission android:name="android.permission.WRITE_CONTACTS" />
26-->src\main\AndroidManifest.xml:21:5-73
26-->src\main\AndroidManifest.xml:21:22-70
27    <uses-permission android:name="android.permission.VIBRATE" />
27-->src\main\AndroidManifest.xml:22:5-66
27-->src\main\AndroidManifest.xml:22:22-63
28    <uses-permission android:name="android.permission.ACCESS_NETWORK_STATE" />
28-->src\main\AndroidManifest.xml:23:5-79
28-->src\main\AndroidManifest.xml:23:22-76
29    <uses-permission android:name="android.permission.ACCESS_WIFI_STATE" />
29-->src\main\AndroidManifest.xml:24:5-76
29-->src\main\AndroidManifest.xml:24:22-73
30    <uses-permission android:name="android.permission.CALL_PHONE" />
30-->src\main\AndroidManifest.xml:25:5-69
30-->src\main\AndroidManifest.xml:25:22-66
31    <uses-permission android:name="android.permission.INTERNET" />
31-->src\main\AndroidManifest.xml:13:5-67
31-->src\main\AndroidManifest.xml:13:22-64
32    <uses-permission android:name="android.permission.CAMERA" />
32-->src\main\AndroidManifest.xml:27:5-65
32-->src\main\AndroidManifest.xml:27:22-62
33    <uses-permission android:name="android.permission.RECEIVE_BOOT_COMPLETED" />
33-->src\main\AndroidManifest.xml:28:5-81
33-->src\main\AndroidManifest.xml:28:22-78
34    <uses-permission
34-->src\main\AndroidManifest.xml:29:5-31:40
35        android:name="android.permission.WRITE_EXTERNAL_STORAGE"
35-->src\main\AndroidManifest.xml:29:22-78
36        android:maxSdkVersion="32" />
36-->src\main\AndroidManifest.xml:30:9-35
37    <uses-permission
37-->src\main\AndroidManifest.xml:32:5-33:38
38        android:name="android.permission.READ_EXTERNAL_STORAGE"
38-->src\main\AndroidManifest.xml:32:22-77
39        android:maxSdkVersion="32" />
39-->src\main\AndroidManifest.xml:33:9-35
40    <uses-permission android:name="android.permission.ACCESS_FINE_LOCATION" />
40-->src\main\AndroidManifest.xml:17:5-79
40-->src\main\AndroidManifest.xml:17:22-76
41    <uses-permission android:name="android.permission.ACCESS_COARSE_LOCATION" />
41-->src\main\AndroidManifest.xml:15:5-81
41-->src\main\AndroidManifest.xml:15:22-78
42    <uses-permission android:name="com.google.android.gms.permission.AD_ID" />
42-->src\main\AndroidManifest.xml:36:5-79
42-->src\main\AndroidManifest.xml:36:22-76
43    <uses-permission android:name="android.permission.READ_MEDIA_IMAGES" />
43-->src\main\AndroidManifest.xml:37:5-76
43-->src\main\AndroidManifest.xml:37:22-73
44    <uses-permission android:name="android.permission.READ_MEDIA_VIDEO" />
44-->src\main\AndroidManifest.xml:38:5-75
44-->src\main\AndroidManifest.xml:38:22-72
45
46    <queries>
46-->src\main\AndroidManifest.xml:40:5-50:15
47        <intent>
47-->src\main\AndroidManifest.xml:41:9-43:18
48            <action android:name="android.media.action.IMAGE_CAPTURE" />
48-->src\main\AndroidManifest.xml:42:13-73
48-->src\main\AndroidManifest.xml:42:21-70
49        </intent>
50
51        <package android:name="com.whatsapp" />
51-->src\main\AndroidManifest.xml:45:9-48
51-->src\main\AndroidManifest.xml:45:18-45
52        <package android:name="com.whatsapp.w4b" />
52-->src\main\AndroidManifest.xml:46:9-52
52-->src\main\AndroidManifest.xml:46:18-49
53        <package android:name="com.gbwhatsapp" />
53-->src\main\AndroidManifest.xml:47:9-50
53-->src\main\AndroidManifest.xml:47:18-47
54        <package android:name="com.google.android.apps.docs" />
54-->src\main\AndroidManifest.xml:48:9-64
54-->src\main\AndroidManifest.xml:48:18-61
55        <package android:name="com.adobe.reader" />
55-->src\main\AndroidManifest.xml:49:9-52
55-->src\main\AndroidManifest.xml:49:18-49
56        <!-- For browser content -->
57        <intent>
57-->[com.google.android.gms:play-services-ads-lite:21.5.0] AndroidManifest.xml:35:9-41:18
58            <action android:name="android.intent.action.VIEW" />
58-->[com.google.android.gms:play-services-ads-lite:21.5.0] AndroidManifest.xml:36:13-65
58-->[com.google.android.gms:play-services-ads-lite:21.5.0] AndroidManifest.xml:36:21-62
59
60            <category android:name="android.intent.category.BROWSABLE" />
60-->[com.google.android.gms:play-services-ads-lite:21.5.0] AndroidManifest.xml:38:13-74
60-->[com.google.android.gms:play-services-ads-lite:21.5.0] AndroidManifest.xml:38:23-71
61
62            <data android:scheme="https" />
62-->[com.google.android.gms:play-services-ads-lite:21.5.0] AndroidManifest.xml:40:13-44
62-->[com.google.android.gms:play-services-ads-lite:21.5.0] AndroidManifest.xml:40:19-41
63        </intent> <!-- End of browser content -->
64        <!-- For CustomTabsService -->
65        <intent>
65-->[com.google.android.gms:play-services-ads-lite:21.5.0] AndroidManifest.xml:44:9-46:18
66            <action android:name="android.support.customtabs.action.CustomTabsService" />
66-->[com.google.android.gms:play-services-ads-lite:21.5.0] AndroidManifest.xml:45:13-90
66-->[com.google.android.gms:play-services-ads-lite:21.5.0] AndroidManifest.xml:45:21-87
67        </intent>
68    </queries>
69
70    <uses-permission android:name="com.google.android.finsky.permission.BIND_GET_INSTALL_REFERRER_SERVICE" />
70-->[com.google.android.gms:play-services-measurement:21.2.0] AndroidManifest.xml:26:5-110
70-->[com.google.android.gms:play-services-measurement:21.2.0] AndroidManifest.xml:26:22-107
71    <uses-permission android:name="android.permission.FOREGROUND_SERVICE" />
71-->[androidx.work:work-runtime:2.7.0] AndroidManifest.xml:28:5-77
71-->[androidx.work:work-runtime:2.7.0] AndroidManifest.xml:28:22-74
72
73    <application
73-->src\main\AndroidManifest.xml:52:5-138:19
74        android:name="com.alphacrud.phototranslator.MyApplication"
74-->src\main\AndroidManifest.xml:53:9-38
75        android:allowBackup="true"
75-->src\main\AndroidManifest.xml:54:9-35
76        android:appComponentFactory="androidx.core.app.CoreComponentFactory"
76-->[androidx.core:core:1.7.0] AndroidManifest.xml:24:18-86
77        android:dataExtractionRules="@xml/data_extraction_rules"
77-->src\main\AndroidManifest.xml:55:9-65
78        android:extractNativeLibs="false"
79        android:fullBackupContent="@xml/backup_rules"
79-->src\main\AndroidManifest.xml:56:9-54
80        android:hardwareAccelerated="true"
80-->src\main\AndroidManifest.xml:57:9-43
81        android:icon="@mipmap/ic_launcher"
81-->src\main\AndroidManifest.xml:58:9-43
82        android:label="@string/app_name"
82-->src\main\AndroidManifest.xml:59:9-41
83        android:networkSecurityConfig="@xml/network_config"
83-->src\main\AndroidManifest.xml:60:9-60
84        android:requestLegacyExternalStorage="true"
84-->src\main\AndroidManifest.xml:61:9-52
85        android:roundIcon="@mipmap/ic_launcher_round"
85-->src\main\AndroidManifest.xml:62:9-54
86        android:supportsRtl="true"
86-->src\main\AndroidManifest.xml:63:9-35
87        android:testOnly="true"
88        android:theme="@style/Theme.PhotoTranslator" >
88-->src\main\AndroidManifest.xml:64:9-53
89        <activity
89-->src\main\AndroidManifest.xml:66:9-68:40
90            android:name="com.alphacrud.phototranslator.ExitActivity"
90-->src\main\AndroidManifest.xml:67:13-41
91            android:exported="false" />
91-->src\main\AndroidManifest.xml:68:13-37
92        <activity
92-->src\main\AndroidManifest.xml:69:9-71:40
93            android:name="com.alphacrud.phototranslator.TextTranslator"
93-->src\main\AndroidManifest.xml:70:13-43
94            android:exported="false" />
94-->src\main\AndroidManifest.xml:71:13-37
95        <activity
95-->src\main\AndroidManifest.xml:72:9-74:40
96            android:name="com.alphacrud.phototranslator.ShareActivity"
96-->src\main\AndroidManifest.xml:73:13-42
97            android:exported="false" />
97-->src\main\AndroidManifest.xml:74:13-37
98        <activity
98-->src\main\AndroidManifest.xml:75:9-77:40
99            android:name="com.alphacrud.phototranslator.OCRActivity"
99-->src\main\AndroidManifest.xml:76:13-40
100            android:exported="false" />
100-->src\main\AndroidManifest.xml:77:13-37
101        <activity
101-->src\main\AndroidManifest.xml:78:9-80:40
102            android:name="com.alphacrud.phototranslator.CameraX"
102-->src\main\AndroidManifest.xml:79:13-36
103            android:exported="false" />
103-->src\main\AndroidManifest.xml:80:13-37
104        <activity
104-->src\main\AndroidManifest.xml:81:9-83:40
105            android:name="com.alphacrud.phototranslator.CameraKit"
105-->src\main\AndroidManifest.xml:82:13-38
106            android:exported="false" />
106-->src\main\AndroidManifest.xml:83:13-37
107        <activity
107-->src\main\AndroidManifest.xml:84:9-86:40
108            android:name="com.alphacrud.phototranslator.PreviousData"
108-->src\main\AndroidManifest.xml:85:13-41
109            android:exported="false" /> <!-- <meta-data -->
109-->src\main\AndroidManifest.xml:86:13-37
110        <!-- android:name="com.google.android.gms.ads.APPLICATION_ID" -->
111        <!-- android:value="ca-app-pub-6330697520665078~2322185394" /> -->
112        <meta-data
112-->src\main\AndroidManifest.xml:89:9-91:52
113            android:name="com.google.android.gms.ads.APPLICATION_ID"
113-->src\main\AndroidManifest.xml:90:13-69
114            android:value="@string/admob_app_id" />
114-->src\main\AndroidManifest.xml:91:13-49
115
116        <activity
116-->src\main\AndroidManifest.xml:93:9-97:52
117            android:name="com.alphacrud.phototranslator.Adds"
117-->src\main\AndroidManifest.xml:94:13-33
118            android:exported="false"
118-->src\main\AndroidManifest.xml:95:13-37
119            android:hardwareAccelerated="true"
119-->src\main\AndroidManifest.xml:96:13-47
120            android:screenOrientation="portrait" />
120-->src\main\AndroidManifest.xml:97:13-49
121        <activity
121-->src\main\AndroidManifest.xml:98:9-102:52
122            android:name="com.alphacrud.phototranslator.privacy_policy"
122-->src\main\AndroidManifest.xml:99:13-43
123            android:exported="false"
123-->src\main\AndroidManifest.xml:100:13-37
124            android:hardwareAccelerated="true"
124-->src\main\AndroidManifest.xml:101:13-47
125            android:screenOrientation="portrait" />
125-->src\main\AndroidManifest.xml:102:13-49
126        <activity
126-->src\main\AndroidManifest.xml:103:9-106:52
127            android:name="com.alphacrud.phototranslator.ScanResult"
127-->src\main\AndroidManifest.xml:104:13-39
128            android:exported="false"
128-->src\main\AndroidManifest.xml:105:13-37
129            android:screenOrientation="portrait" />
129-->src\main\AndroidManifest.xml:106:13-49
130        <activity
130-->src\main\AndroidManifest.xml:107:9-110:52
131            android:name="com.alphacrud.phototranslator.Camera"
131-->src\main\AndroidManifest.xml:108:13-35
132            android:exported="false"
132-->src\main\AndroidManifest.xml:109:13-37
133            android:screenOrientation="portrait" />
133-->src\main\AndroidManifest.xml:110:13-49
134        <activity
134-->src\main\AndroidManifest.xml:111:9-114:52
135            android:name="com.alphacrud.phototranslator.Home"
135-->src\main\AndroidManifest.xml:112:13-33
136            android:exported="false"
136-->src\main\AndroidManifest.xml:113:13-37
137            android:screenOrientation="portrait" />
137-->src\main\AndroidManifest.xml:114:13-49
138        <activity
138-->src\main\AndroidManifest.xml:115:9-126:20
139            android:name="com.alphacrud.phototranslator.Splash"
139-->src\main\AndroidManifest.xml:116:13-35
140            android:exported="true"
140-->src\main\AndroidManifest.xml:117:13-36
141            android:hardwareAccelerated="false"
141-->src\main\AndroidManifest.xml:118:13-48
142            android:screenOrientation="portrait"
142-->src\main\AndroidManifest.xml:119:13-49
143            android:theme="@style/SplashTheme" >
143-->src\main\AndroidManifest.xml:120:13-47
144            <intent-filter>
144-->src\main\AndroidManifest.xml:121:13-125:29
145                <action android:name="android.intent.action.MAIN" />
145-->src\main\AndroidManifest.xml:122:17-69
145-->src\main\AndroidManifest.xml:122:25-66
146
147                <category android:name="android.intent.category.LAUNCHER" />
147-->src\main\AndroidManifest.xml:124:17-77
147-->src\main\AndroidManifest.xml:124:27-74
148            </intent-filter>
149        </activity>
150
151        <provider
151-->src\main\AndroidManifest.xml:128:9-137:20
152            android:name="androidx.core.content.FileProvider"
152-->src\main\AndroidManifest.xml:129:13-62
153            android:authorities="com.androidapp.filetransfer.fileprovider"
153-->src\main\AndroidManifest.xml:130:13-75
154            android:exported="false"
154-->src\main\AndroidManifest.xml:131:13-37
155            android:grantUriPermissions="true" >
155-->src\main\AndroidManifest.xml:132:13-47
156            <meta-data
156-->src\main\AndroidManifest.xml:133:13-136:52
157                android:name="android.support.FILE_PROVIDER_PATHS"
157-->src\main\AndroidManifest.xml:134:17-67
158                android:resource="@xml/file_paths" />
158-->src\main\AndroidManifest.xml:135:17-51
159        </provider>
160
161        <uses-library
161-->[androidx.camera:camera-extensions:1.0.0-alpha12] AndroidManifest.xml:25:9-27:40
162            android:name="androidx.camera.extensions.impl"
162-->[androidx.camera:camera-extensions:1.0.0-alpha12] AndroidManifest.xml:26:13-59
163            android:required="false" />
163-->[androidx.camera:camera-extensions:1.0.0-alpha12] AndroidManifest.xml:27:13-37
164
165        <service
165-->[com.google.mlkit:playstore-dynamic-feature-support:16.0.0-beta2] AndroidManifest.xml:9:9-15:19
166            android:name="com.google.mlkit.common.internal.MlKitComponentDiscoveryService"
166-->[com.google.mlkit:playstore-dynamic-feature-support:16.0.0-beta2] AndroidManifest.xml:10:13-91
167            android:directBootAware="true"
167-->[com.google.mlkit:common:18.5.0] AndroidManifest.xml:17:13-43
168            android:exported="false" >
168-->[com.google.mlkit:playstore-dynamic-feature-support:16.0.0-beta2] AndroidManifest.xml:11:13-37
169            <meta-data
169-->[com.google.mlkit:playstore-dynamic-feature-support:16.0.0-beta2] AndroidManifest.xml:12:13-14:85
170                android:name="com.google.firebase.components:com.google.mlkit.dynamic.DynamicLoadingRegistrar"
170-->[com.google.mlkit:playstore-dynamic-feature-support:16.0.0-beta2] AndroidManifest.xml:13:17-111
171                android:value="com.google.firebase.components.ComponentRegistrar" />
171-->[com.google.mlkit:playstore-dynamic-feature-support:16.0.0-beta2] AndroidManifest.xml:14:17-82
172            <meta-data
172-->[com.google.android.gms:play-services-mlkit-face-detection:17.0.1] AndroidManifest.xml:12:13-14:85
173                android:name="com.google.firebase.components:com.google.mlkit.vision.face.internal.FaceRegistrar"
173-->[com.google.android.gms:play-services-mlkit-face-detection:17.0.1] AndroidManifest.xml:13:17-114
174                android:value="com.google.firebase.components.ComponentRegistrar" />
174-->[com.google.android.gms:play-services-mlkit-face-detection:17.0.1] AndroidManifest.xml:14:17-82
175            <meta-data
175-->[com.google.mlkit:translate:17.0.0] AndroidManifest.xml:14:13-16:85
176                android:name="com.google.firebase.components:com.google.mlkit.nl.translate.NaturalLanguageTranslateRegistrar"
176-->[com.google.mlkit:translate:17.0.0] AndroidManifest.xml:15:17-126
177                android:value="com.google.firebase.components.ComponentRegistrar" />
177-->[com.google.mlkit:translate:17.0.0] AndroidManifest.xml:16:17-82
178            <meta-data
178-->[com.google.android.gms:play-services-mlkit-language-id:17.0.0] AndroidManifest.xml:11:13-13:85
179                android:name="com.google.firebase.components:com.google.mlkit.nl.languageid.thin.internal.ThinLanguageIdRegistrar"
179-->[com.google.android.gms:play-services-mlkit-language-id:17.0.0] AndroidManifest.xml:12:17-131
180                android:value="com.google.firebase.components.ComponentRegistrar" />
180-->[com.google.android.gms:play-services-mlkit-language-id:17.0.0] AndroidManifest.xml:13:17-82
181            <meta-data
181-->[com.google.android.gms:play-services-mlkit-text-recognition-common:17.0.0] AndroidManifest.xml:12:13-14:85
182                android:name="com.google.firebase.components:com.google.mlkit.vision.text.internal.TextRegistrar"
182-->[com.google.android.gms:play-services-mlkit-text-recognition-common:17.0.0] AndroidManifest.xml:13:17-114
183                android:value="com.google.firebase.components.ComponentRegistrar" />
183-->[com.google.android.gms:play-services-mlkit-text-recognition-common:17.0.0] AndroidManifest.xml:14:17-82
184            <meta-data
184-->[com.google.mlkit:vision-common:17.1.0] AndroidManifest.xml:12:13-14:85
185                android:name="com.google.firebase.components:com.google.mlkit.vision.common.internal.VisionCommonRegistrar"
185-->[com.google.mlkit:vision-common:17.1.0] AndroidManifest.xml:13:17-124
186                android:value="com.google.firebase.components.ComponentRegistrar" />
186-->[com.google.mlkit:vision-common:17.1.0] AndroidManifest.xml:14:17-82
187            <meta-data
187-->[com.google.mlkit:language-id-common:16.1.0] AndroidManifest.xml:26:13-28:85
188                android:name="com.google.firebase.components:com.google.mlkit.nl.languageid.internal.LanguageIdRegistrar"
188-->[com.google.mlkit:language-id-common:16.1.0] AndroidManifest.xml:27:17-122
189                android:value="com.google.firebase.components.ComponentRegistrar" />
189-->[com.google.mlkit:language-id-common:16.1.0] AndroidManifest.xml:28:17-82
190            <meta-data
190-->[com.google.mlkit:common:18.5.0] AndroidManifest.xml:20:13-22:85
191                android:name="com.google.firebase.components:com.google.mlkit.common.internal.CommonComponentRegistrar"
191-->[com.google.mlkit:common:18.5.0] AndroidManifest.xml:21:17-120
192                android:value="com.google.firebase.components.ComponentRegistrar" />
192-->[com.google.mlkit:common:18.5.0] AndroidManifest.xml:22:17-82
193        </service>
194
195        <provider
195-->[com.google.mlkit:common:18.5.0] AndroidManifest.xml:9:9-13:38
196            android:name="com.google.mlkit.common.internal.MlKitInitProvider"
196-->[com.google.mlkit:common:18.5.0] AndroidManifest.xml:10:13-78
197            android:authorities="com.alphacrud.phototranslator.mlkitinitprovider"
197-->[com.google.mlkit:common:18.5.0] AndroidManifest.xml:11:13-69
198            android:exported="false"
198-->[com.google.mlkit:common:18.5.0] AndroidManifest.xml:12:13-37
199            android:initOrder="99" />
199-->[com.google.mlkit:common:18.5.0] AndroidManifest.xml:13:13-35
200
201        <activity
201-->[com.google.android.gms:play-services-base:18.1.0] AndroidManifest.xml:20:9-22:45
202            android:name="com.google.android.gms.common.api.GoogleApiActivity"
202-->[com.google.android.gms:play-services-base:18.1.0] AndroidManifest.xml:20:19-85
203            android:exported="false"
203-->[com.google.android.gms:play-services-base:18.1.0] AndroidManifest.xml:22:19-43
204            android:theme="@android:style/Theme.Translucent.NoTitleBar" /> <!-- Include the AdActivity and InAppPurchaseActivity configChanges and themes. -->
204-->[com.google.android.gms:play-services-base:18.1.0] AndroidManifest.xml:21:19-78
205        <activity
205-->[com.google.android.gms:play-services-ads-lite:21.5.0] AndroidManifest.xml:53:9-58:43
206            android:name="com.google.android.gms.ads.AdActivity"
206-->[com.google.android.gms:play-services-ads-lite:21.5.0] AndroidManifest.xml:54:13-65
207            android:configChanges="keyboard|keyboardHidden|orientation|screenLayout|uiMode|screenSize|smallestScreenSize"
207-->[com.google.android.gms:play-services-ads-lite:21.5.0] AndroidManifest.xml:55:13-122
208            android:exported="false"
208-->[com.google.android.gms:play-services-ads-lite:21.5.0] AndroidManifest.xml:56:13-37
209            android:theme="@android:style/Theme.Translucent" />
209-->[com.google.android.gms:play-services-ads-lite:21.5.0] AndroidManifest.xml:57:13-61
210
211        <provider
211-->[com.google.android.gms:play-services-ads-lite:21.5.0] AndroidManifest.xml:60:9-65:43
212            android:name="com.google.android.gms.ads.MobileAdsInitProvider"
212-->[com.google.android.gms:play-services-ads-lite:21.5.0] AndroidManifest.xml:61:13-76
213            android:authorities="com.alphacrud.phototranslator.mobileadsinitprovider"
213-->[com.google.android.gms:play-services-ads-lite:21.5.0] AndroidManifest.xml:62:13-73
214            android:exported="false"
214-->[com.google.android.gms:play-services-ads-lite:21.5.0] AndroidManifest.xml:63:13-37
215            android:initOrder="100" />
215-->[com.google.android.gms:play-services-ads-lite:21.5.0] AndroidManifest.xml:64:13-36
216
217        <service
217-->[com.google.android.gms:play-services-ads-lite:21.5.0] AndroidManifest.xml:67:9-71:43
218            android:name="com.google.android.gms.ads.AdService"
218-->[com.google.android.gms:play-services-ads-lite:21.5.0] AndroidManifest.xml:68:13-64
219            android:enabled="true"
219-->[com.google.android.gms:play-services-ads-lite:21.5.0] AndroidManifest.xml:69:13-35
220            android:exported="false" />
220-->[com.google.android.gms:play-services-ads-lite:21.5.0] AndroidManifest.xml:70:13-37
221
222        <activity
222-->[com.google.android.gms:play-services-ads-lite:21.5.0] AndroidManifest.xml:73:9-77:43
223            android:name="com.google.android.gms.ads.OutOfContextTestingActivity"
223-->[com.google.android.gms:play-services-ads-lite:21.5.0] AndroidManifest.xml:74:13-82
224            android:configChanges="keyboard|keyboardHidden|orientation|screenLayout|uiMode|screenSize|smallestScreenSize"
224-->[com.google.android.gms:play-services-ads-lite:21.5.0] AndroidManifest.xml:75:13-122
225            android:exported="false" />
225-->[com.google.android.gms:play-services-ads-lite:21.5.0] AndroidManifest.xml:76:13-37
226
227        <receiver
227-->[com.google.android.gms:play-services-measurement:21.2.0] AndroidManifest.xml:29:9-33:20
228            android:name="com.google.android.gms.measurement.AppMeasurementReceiver"
228-->[com.google.android.gms:play-services-measurement:21.2.0] AndroidManifest.xml:30:13-85
229            android:enabled="true"
229-->[com.google.android.gms:play-services-measurement:21.2.0] AndroidManifest.xml:31:13-35
230            android:exported="false" >
230-->[com.google.android.gms:play-services-measurement:21.2.0] AndroidManifest.xml:32:13-37
231        </receiver>
232
233        <service
233-->[com.google.android.gms:play-services-measurement:21.2.0] AndroidManifest.xml:35:9-38:40
234            android:name="com.google.android.gms.measurement.AppMeasurementService"
234-->[com.google.android.gms:play-services-measurement:21.2.0] AndroidManifest.xml:36:13-84
235            android:enabled="true"
235-->[com.google.android.gms:play-services-measurement:21.2.0] AndroidManifest.xml:37:13-35
236            android:exported="false" />
236-->[com.google.android.gms:play-services-measurement:21.2.0] AndroidManifest.xml:38:13-37
237        <service
237-->[com.google.android.gms:play-services-measurement:21.2.0] AndroidManifest.xml:39:9-43:72
238            android:name="com.google.android.gms.measurement.AppMeasurementJobService"
238-->[com.google.android.gms:play-services-measurement:21.2.0] AndroidManifest.xml:40:13-87
239            android:enabled="true"
239-->[com.google.android.gms:play-services-measurement:21.2.0] AndroidManifest.xml:41:13-35
240            android:exported="false"
240-->[com.google.android.gms:play-services-measurement:21.2.0] AndroidManifest.xml:42:13-37
241            android:permission="android.permission.BIND_JOB_SERVICE" />
241-->[com.google.android.gms:play-services-measurement:21.2.0] AndroidManifest.xml:43:13-69
242        <service
242-->[com.google.android.gms:play-services-measurement-api:21.2.0] AndroidManifest.xml:28:9-34:19
243            android:name="com.google.firebase.components.ComponentDiscoveryService"
243-->[com.google.android.gms:play-services-measurement-api:21.2.0] AndroidManifest.xml:29:13-84
244            android:directBootAware="true"
244-->[com.google.firebase:firebase-common:20.2.0] AndroidManifest.xml:34:13-43
245            android:exported="false" >
245-->[com.google.android.gms:play-services-measurement-api:21.2.0] AndroidManifest.xml:30:13-37
246            <meta-data
246-->[com.google.android.gms:play-services-measurement-api:21.2.0] AndroidManifest.xml:31:13-33:85
247                android:name="com.google.firebase.components:com.google.firebase.analytics.connector.internal.AnalyticsConnectorRegistrar"
247-->[com.google.android.gms:play-services-measurement-api:21.2.0] AndroidManifest.xml:32:17-139
248                android:value="com.google.firebase.components.ComponentRegistrar" />
248-->[com.google.android.gms:play-services-measurement-api:21.2.0] AndroidManifest.xml:33:17-82
249            <meta-data
249-->[com.google.firebase:firebase-crashlytics:18.3.1] AndroidManifest.xml:17:13-19:85
250                android:name="com.google.firebase.components:com.google.firebase.crashlytics.CrashlyticsRegistrar"
250-->[com.google.firebase:firebase-crashlytics:18.3.1] AndroidManifest.xml:18:17-115
251                android:value="com.google.firebase.components.ComponentRegistrar" />
251-->[com.google.firebase:firebase-crashlytics:18.3.1] AndroidManifest.xml:19:17-82
252            <meta-data
252-->[com.google.firebase:firebase-installations:17.1.0] AndroidManifest.xml:17:13-19:85
253                android:name="com.google.firebase.components:com.google.firebase.installations.FirebaseInstallationsRegistrar"
253-->[com.google.firebase:firebase-installations:17.1.0] AndroidManifest.xml:18:17-127
254                android:value="com.google.firebase.components.ComponentRegistrar" />
254-->[com.google.firebase:firebase-installations:17.1.0] AndroidManifest.xml:19:17-82
255        </service>
256
257        <provider
257-->[com.google.firebase:firebase-common:20.2.0] AndroidManifest.xml:25:9-30:39
258            android:name="com.google.firebase.provider.FirebaseInitProvider"
258-->[com.google.firebase:firebase-common:20.2.0] AndroidManifest.xml:26:13-77
259            android:authorities="com.alphacrud.phototranslator.firebaseinitprovider"
259-->[com.google.firebase:firebase-common:20.2.0] AndroidManifest.xml:27:13-72
260            android:directBootAware="true"
260-->[com.google.firebase:firebase-common:20.2.0] AndroidManifest.xml:28:13-43
261            android:exported="false"
261-->[com.google.firebase:firebase-common:20.2.0] AndroidManifest.xml:29:13-37
262            android:initOrder="100" />
262-->[com.google.firebase:firebase-common:20.2.0] AndroidManifest.xml:30:13-36
263
264        <meta-data
264-->[com.google.android.gms:play-services-basement:18.1.0] AndroidManifest.xml:21:9-23:69
265            android:name="com.google.android.gms.version"
265-->[com.google.android.gms:play-services-basement:18.1.0] AndroidManifest.xml:22:13-58
266            android:value="@integer/google_play_services_version" />
266-->[com.google.android.gms:play-services-basement:18.1.0] AndroidManifest.xml:23:13-66
267
268        <provider
268-->[androidx.emoji2:emoji2:1.0.0] AndroidManifest.xml:26:9-34:20
269            android:name="androidx.startup.InitializationProvider"
269-->[androidx.emoji2:emoji2:1.0.0] AndroidManifest.xml:27:13-67
270            android:authorities="com.alphacrud.phototranslator.androidx-startup"
270-->[androidx.emoji2:emoji2:1.0.0] AndroidManifest.xml:28:13-68
271            android:exported="false" >